[debug] [2024-06-05T16:38:59.649Z] ----------------------------------------------------------------------
[debug] [2024-06-05T16:38:59.651Z] Command:       C:\Program Files\nodejs\node.exe C:\Users\Administrator\AppData\Roaming\npm\node_modules\firebase-tools\lib\bin\firebase.js init
[debug] [2024-06-05T16:38:59.651Z] CLI Version:   13.10.2
[debug] [2024-06-05T16:38:59.651Z] Platform:      win32
[debug] [2024-06-05T16:38:59.651Z] Node Version:  v22.1.0
[debug] [2024-06-05T16:38:59.652Z] Time:          Wed Jun 05 2024 09:38:59 GMT-0700 (Pacific Daylight Time)
[debug] [2024-06-05T16:38:59.652Z] ----------------------------------------------------------------------
[debug] 
[debug] [2024-06-05T16:38:59.706Z] > command requires scopes: ["email","openid","https://www.googleapis.com/auth/cloudplatformprojects.readonly","https://www.googleapis.com/auth/firebase","https://www.googleapis.com/auth/cloud-platform"]
[debug] [2024-06-05T16:38:59.707Z] > authorizing via signed-in user (cyberboss1216@gmail.com)
[info] 
     ######## #### ########  ######## ########     ###     ######  ########
     ##        ##  ##     ## ##       ##     ##  ##   ##  ##       ##
     ######    ##  ########  ######   ########  #########  ######  ######
     ##        ##  ##    ##  ##       ##     ## ##     ##       ## ##
     ##       #### ##     ## ######## ########  ##     ##  ######  ########

You're about to initialize a Firebase project in this directory:

  C:\Users\Administrator\Downloads\surveyjs_vue3_quickstart-main

Before we get started, keep in mind:

  * You are initializing within an existing Firebase project directory

